<?xml version="1.0" encoding="UTF-8"?>
<testsuite name="Runner" tests="0" skipped="0" failures="0" errors="0" timestamp="1970-01-01T00:00:00" hostname="mmomaya-ltm" time="0.0">
  <properties/>
  <system-out><![CDATA[@LoginFeatureTest
Feature: payever.com

Execution Status :=> failed

  @loginSuccessfull @regression
  Scenario: Log In Log Out flow with a valid account                                         ?[90m# Login.feature:6?[0m
    ?[32mGiven ?[0m?[32mAs a user i navigate to ?[0m?[32m?[1mhttps://commerceos.payever.org/entry/login?[0m?[32m Login Page?[0m      ?[90m# LoginPageSteps.asAUserINavigateToCouponsComHomePage(String)?[0m
    ?[32mWhen ?[0m?[32mOn SignIn Page I enter email as ?[0m?[32m?[1mjondoe@mail.com?[0m?[32m and password as ?[0m?[32m?[1mJonDoe12*?[0m?[32m and login?[0m ?[90m# LoginPageSteps.onSignInPageIEnterEmailAsGojektestGmailComAndPasswordAsQwAndLogin(String,String)?[0m
    ?[32mThen ?[0m?[32mUser Profile is displayed for selection?[0m                                             ?[90m# ProfilePageSteps.userProfileIsDisplayedForSelection()?[0m
    ?[32mWhen ?[0m?[32mClick on User Profile Icon?[0m                                                          ?[90m# ProfilePageSteps.clickOnUserProfileIcon()?[0m
    ?[32mThen ?[0m?[32mUser Profile page is opened?[0m                                                         ?[90m# PersonalProfilePageSteps.userProfilePageIsOpened()?[0m
    ?[31mAnd ?[0m?[31mClick on Logout?[0m                                                                      ?[90m# ProfilePageSteps.clickOnLogout()?[0m
      ?[31morg.openqa.selenium.WebDriverException: unknown error: Element <div _ngcontent-c5="" class="business-menu-item" translate="" pe-i18n-key="dashboard.profile_menu.log_out">...</div> is not clickable at point (1060, 140). Other element would receive the click: <div id="cdk-overlay-0" class="cdk-overlay-pane" style="pointer-events: auto; position: static;">...</div>
        (Session info: chrome=74.0.3729.169)
        (Driver info: chromedriver=2.35.528157 (4429ca2590d6988c0745c24c8858745aaaec01ef),platform=Mac OS X 10.14.0 x86_64) (WARNING: The server did not provide any stacktrace information)
      Command duration or timeout: 53 milliseconds
      Build info: version: '2.53.1', revision: 'a36b8b1cd5757287168e54b817830adce9b0158d', time: '2016-06-30 19:26:09'
      System info: host: 'mmomaya-ltm', ip: '2401:4900:16f0:800b:d844:667b:d371:321', os.name: 'Mac OS X', os.arch: 'x86_64', os.version: '10.14', java.version: '1.8.0_151'
      Driver info: org.openqa.selenium.chrome.ChromeDriver
      Capabilities [{applicationCacheEnabled=false, rotatable=false, mobileEmulationEnabled=false, networkConnectionEnabled=false, chrome={chromedriverVersion=2.35.528157 (4429ca2590d6988c0745c24c8858745aaaec01ef), userDataDir=/var/folders/0v/hh_wn78s1zjb9jgsy6csw3nc3f21bk/T/.org.chromium.Chromium.hsXBR6}, takesHeapSnapshot=true, pageLoadStrategy=normal, databaseEnabled=false, handlesAlerts=true, hasTouchScreen=false, version=74.0.3729.169, platform=MAC, browserConnectionEnabled=false, nativeEvents=true, acceptSslCerts=false, acceptInsecureCerts=false, locationContextEnabled=true, webStorageEnabled=true, browserName=chrome, takesScreenshot=true, javascriptEnabled=true, cssSelectorsEnabled=true, setWindowRect=true, unexpectedAlertBehaviour=}]
      Session ID: ba1bf58ea2c85b51539ebb75472b69e0
      	at sun.reflect.NativeConstructorAccessorImpl.newInstance0(Native Method)
      	at sun.reflect.NativeConstructorAccessorImpl.newInstance(NativeConstructorAccessorImpl.java:62)
      	at sun.reflect.DelegatingConstructorAccessorImpl.newInstance(DelegatingConstructorAccessorImpl.java:45)
      	at java.lang.reflect.Constructor.newInstance(Constructor.java:423)
      	at org.openqa.selenium.remote.ErrorHandler.createThrowable(ErrorHandler.java:206)
      	at org.openqa.selenium.remote.ErrorHandler.throwIfResponseFailed(ErrorHandler.java:158)
      	at org.openqa.selenium.remote.RemoteWebDriver.execute(RemoteWebDriver.java:678)
      	at org.openqa.selenium.remote.RemoteWebElement.execute(RemoteWebElement.java:327)
      	at org.openqa.selenium.remote.RemoteWebElement.click(RemoteWebElement.java:85)
      	at sun.reflect.NativeMethodAccessorImpl.invoke0(Native Method)
      	at sun.reflect.NativeMethodAccessorImpl.invoke(NativeMethodAccessorImpl.java:62)
      	at sun.reflect.DelegatingMethodAccessorImpl.invoke(DelegatingMethodAccessorImpl.java:43)
      	at java.lang.reflect.Method.invoke(Method.java:498)
      	at org.openqa.selenium.support.pagefactory.internal.LocatingElementHandler.invoke(LocatingElementHandler.java:51)
      	at com.sun.proxy.$Proxy20.click(Unknown Source)
      	at pages.ProfilePage.clickOnLogoutButton(ProfilePage.java:54)
      	at steps.ProfilePageSteps.clickOnLogout(ProfilePageSteps.java:22)
      	at ✽.And Click on Logout(Login.feature:12)
      ?[0m

?[31mFailed scenarios:?[0m
?[31mLogin.feature:6 ?[0m# Scenario: Log In Log Out flow with a valid account

1 Scenarios (?[31m1 failed?[0m)
6 Steps (?[31m1 failed?[0m, ?[32m5 passed?[0m)
0m34.792s

org.openqa.selenium.WebDriverException: unknown error: Element <div _ngcontent-c5="" class="business-menu-item" translate="" pe-i18n-key="dashboard.profile_menu.log_out">...</div> is not clickable at point (1060, 140). Other element would receive the click: <div id="cdk-overlay-0" class="cdk-overlay-pane" style="pointer-events: auto; position: static;">...</div>
  (Session info: chrome=74.0.3729.169)
  (Driver info: chromedriver=2.35.528157 (4429ca2590d6988c0745c24c8858745aaaec01ef),platform=Mac OS X 10.14.0 x86_64) (WARNING: The server did not provide any stacktrace information)
Command duration or timeout: 53 milliseconds
Build info: version: '2.53.1', revision: 'a36b8b1cd5757287168e54b817830adce9b0158d', time: '2016-06-30 19:26:09'
System info: host: 'mmomaya-ltm', ip: '2401:4900:16f0:800b:d844:667b:d371:321', os.name: 'Mac OS X', os.arch: 'x86_64', os.version: '10.14', java.version: '1.8.0_151'
Driver info: org.openqa.selenium.chrome.ChromeDriver
Capabilities [{applicationCacheEnabled=false, rotatable=false, mobileEmulationEnabled=false, networkConnectionEnabled=false, chrome={chromedriverVersion=2.35.528157 (4429ca2590d6988c0745c24c8858745aaaec01ef), userDataDir=/var/folders/0v/hh_wn78s1zjb9jgsy6csw3nc3f21bk/T/.org.chromium.Chromium.hsXBR6}, takesHeapSnapshot=true, pageLoadStrategy=normal, databaseEnabled=false, handlesAlerts=true, hasTouchScreen=false, version=74.0.3729.169, platform=MAC, browserConnectionEnabled=false, nativeEvents=true, acceptSslCerts=false, acceptInsecureCerts=false, locationContextEnabled=true, webStorageEnabled=true, browserName=chrome, takesScreenshot=true, javascriptEnabled=true, cssSelectorsEnabled=true, setWindowRect=true, unexpectedAlertBehaviour=}]
Session ID: ba1bf58ea2c85b51539ebb75472b69e0
	at sun.reflect.NativeConstructorAccessorImpl.newInstance0(Native Method)
	at sun.reflect.NativeConstructorAccessorImpl.newInstance(NativeConstructorAccessorImpl.java:62)
	at sun.reflect.DelegatingConstructorAccessorImpl.newInstance(DelegatingConstructorAccessorImpl.java:45)
	at java.lang.reflect.Constructor.newInstance(Constructor.java:423)
	at org.openqa.selenium.remote.ErrorHandler.createThrowable(ErrorHandler.java:206)
	at org.openqa.selenium.remote.ErrorHandler.throwIfResponseFailed(ErrorHandler.java:158)
	at org.openqa.selenium.remote.RemoteWebDriver.execute(RemoteWebDriver.java:678)
	at org.openqa.selenium.remote.RemoteWebElement.execute(RemoteWebElement.java:327)
	at org.openqa.selenium.remote.RemoteWebElement.click(RemoteWebElement.java:85)
	at sun.reflect.NativeMethodAccessorImpl.invoke0(Native Method)
	at sun.reflect.NativeMethodAccessorImpl.invoke(NativeMethodAccessorImpl.java:62)
	at sun.reflect.DelegatingMethodAccessorImpl.invoke(DelegatingMethodAccessorImpl.java:43)
	at java.lang.reflect.Method.invoke(Method.java:498)
	at org.openqa.selenium.support.pagefactory.internal.LocatingElementHandler.invoke(LocatingElementHandler.java:51)
	at com.sun.proxy.$Proxy20.click(Unknown Source)
	at pages.ProfilePage.clickOnLogoutButton(ProfilePage.java:54)
	at steps.ProfilePageSteps.clickOnLogout(ProfilePageSteps.java:22)
	at ✽.And Click on Logout(Login.feature:12)

]]></system-out>
  <system-err><![CDATA[]]></system-err>
</testsuite>
