<!DOCTYPE html>
<html>
<head>
<meta http-equiv="Content-Type" content="text/html; charset=utf-8"/>
<meta http-equiv="x-ua-compatible" content="IE=edge"/>
<title>Test results - Class Runner</title>
<link href="../css/base-style.css" rel="stylesheet" type="text/css"/>
<link href="../css/style.css" rel="stylesheet" type="text/css"/>
<script src="../js/report.js" type="text/javascript"></script>
</head>
<body>
<div id="content">
<h1>Class Runner</h1>
<div class="breadcrumbs">
<a href="../index.html">all</a> &gt; 
<a href="../packages/default-package.html">default-package</a> &gt; Runner</div>
<div id="summary">
<table>
<tr>
<td>
<div class="summaryGroup">
<table>
<tr>
<td>
<div class="infoBox" id="tests">
<div class="counter">0</div>
<p>tests</p>
</div>
</td>
<td>
<div class="infoBox" id="failures">
<div class="counter">0</div>
<p>failures</p>
</div>
</td>
<td>
<div class="infoBox" id="ignored">
<div class="counter">0</div>
<p>ignored</p>
</div>
</td>
<td>
<div class="infoBox" id="duration">
<div class="counter">-</div>
<p>duration</p>
</div>
</td>
</tr>
</table>
</div>
</td>
<td>
<div class="infoBox success" id="successRate">
<div class="percent">-</div>
<p>successful</p>
</div>
</td>
</tr>
</table>
</div>
<div id="tabs">
<ul class="tabLinks">
<li>
<a href="#tab0">Tests</a>
</li>
<li>
<a href="#tab1">Standard output</a>
</li>
</ul>
<div id="tab0" class="tab">
<h2>Tests</h2>
<table>
<thead>
<tr>
<th>Test</th>
<th>Duration</th>
<th>Result</th>
</tr>
</thead>
</table>
</div>
<div id="tab1" class="tab">
<h2>Standard output</h2>
<span class="code">
<pre>@LoginFeatureTest
Feature: payever.com

Execution Status :=&gt; failed

  @loginSuccessfull @regression
  Scenario: Log In Log Out flow with a valid account                                         ?[90m# Login.feature:6?[0m
    ?[32mGiven ?[0m?[32mAs a user i navigate to ?[0m?[32m?[1mhttps://commerceos.payever.org/entry/login?[0m?[32m Login Page?[0m      ?[90m# LoginPageSteps.asAUserINavigateToCouponsComHomePage(String)?[0m
    ?[32mWhen ?[0m?[32mOn SignIn Page I enter email as ?[0m?[32m?[1mjondoe@mail.com?[0m?[32m and password as ?[0m?[32m?[1mJonDoe12*?[0m?[32m and login?[0m ?[90m# LoginPageSteps.onSignInPageIEnterEmailAsGojektestGmailComAndPasswordAsQwAndLogin(String,String)?[0m
    ?[32mThen ?[0m?[32mUser Profile is displayed for selection?[0m                                             ?[90m# ProfilePageSteps.userProfileIsDisplayedForSelection()?[0m
    ?[32mWhen ?[0m?[32mClick on User Profile Icon?[0m                                                          ?[90m# ProfilePageSteps.clickOnUserProfileIcon()?[0m
    ?[32mThen ?[0m?[32mUser Profile page is opened?[0m                                                         ?[90m# PersonalProfilePageSteps.userProfilePageIsOpened()?[0m
    ?[31mAnd ?[0m?[31mClick on Logout?[0m                                                                      ?[90m# ProfilePageSteps.clickOnLogout()?[0m
      ?[31morg.openqa.selenium.WebDriverException: unknown error: Element &lt;div _ngcontent-c5=&quot;&quot; class=&quot;business-menu-item&quot; translate=&quot;&quot; pe-i18n-key=&quot;dashboard.profile_menu.log_out&quot;&gt;...&lt;/div&gt; is not clickable at point (1060, 140). Other element would receive the click: &lt;div id=&quot;cdk-overlay-0&quot; class=&quot;cdk-overlay-pane&quot; style=&quot;pointer-events: auto; position: static;&quot;&gt;...&lt;/div&gt;
        (Session info: chrome=74.0.3729.169)
        (Driver info: chromedriver=2.35.528157 (4429ca2590d6988c0745c24c8858745aaaec01ef),platform=Mac OS X 10.14.0 x86_64) (WARNING: The server did not provide any stacktrace information)
      Command duration or timeout: 53 milliseconds
      Build info: version: '2.53.1', revision: 'a36b8b1cd5757287168e54b817830adce9b0158d', time: '2016-06-30 19:26:09'
      System info: host: 'mmomaya-ltm', ip: '2401:4900:16f0:800b:d844:667b:d371:321', os.name: 'Mac OS X', os.arch: 'x86_64', os.version: '10.14', java.version: '1.8.0_151'
      Driver info: org.openqa.selenium.chrome.ChromeDriver
      Capabilities [{applicationCacheEnabled=false, rotatable=false, mobileEmulationEnabled=false, networkConnectionEnabled=false, chrome={chromedriverVersion=2.35.528157 (4429ca2590d6988c0745c24c8858745aaaec01ef), userDataDir=/var/folders/0v/hh_wn78s1zjb9jgsy6csw3nc3f21bk/T/.org.chromium.Chromium.hsXBR6}, takesHeapSnapshot=true, pageLoadStrategy=normal, databaseEnabled=false, handlesAlerts=true, hasTouchScreen=false, version=74.0.3729.169, platform=MAC, browserConnectionEnabled=false, nativeEvents=true, acceptSslCerts=false, acceptInsecureCerts=false, locationContextEnabled=true, webStorageEnabled=true, browserName=chrome, takesScreenshot=true, javascriptEnabled=true, cssSelectorsEnabled=true, setWindowRect=true, unexpectedAlertBehaviour=}]
      Session ID: ba1bf58ea2c85b51539ebb75472b69e0
      	at sun.reflect.NativeConstructorAccessorImpl.newInstance0(Native Method)
      	at sun.reflect.NativeConstructorAccessorImpl.newInstance(NativeConstructorAccessorImpl.java:62)
      	at sun.reflect.DelegatingConstructorAccessorImpl.newInstance(DelegatingConstructorAccessorImpl.java:45)
      	at java.lang.reflect.Constructor.newInstance(Constructor.java:423)
      	at org.openqa.selenium.remote.ErrorHandler.createThrowable(ErrorHandler.java:206)
      	at org.openqa.selenium.remote.ErrorHandler.throwIfResponseFailed(ErrorHandler.java:158)
      	at org.openqa.selenium.remote.RemoteWebDriver.execute(RemoteWebDriver.java:678)
      	at org.openqa.selenium.remote.RemoteWebElement.execute(RemoteWebElement.java:327)
      	at org.openqa.selenium.remote.RemoteWebElement.click(RemoteWebElement.java:85)
      	at sun.reflect.NativeMethodAccessorImpl.invoke0(Native Method)
      	at sun.reflect.NativeMethodAccessorImpl.invoke(NativeMethodAccessorImpl.java:62)
      	at sun.reflect.DelegatingMethodAccessorImpl.invoke(DelegatingMethodAccessorImpl.java:43)
      	at java.lang.reflect.Method.invoke(Method.java:498)
      	at org.openqa.selenium.support.pagefactory.internal.LocatingElementHandler.invoke(LocatingElementHandler.java:51)
      	at com.sun.proxy.$Proxy20.click(Unknown Source)
      	at pages.ProfilePage.clickOnLogoutButton(ProfilePage.java:54)
      	at steps.ProfilePageSteps.clickOnLogout(ProfilePageSteps.java:22)
      	at ✽.And Click on Logout(Login.feature:12)
      ?[0m

?[31mFailed scenarios:?[0m
?[31mLogin.feature:6 ?[0m# Scenario: Log In Log Out flow with a valid account

1 Scenarios (?[31m1 failed?[0m)
6 Steps (?[31m1 failed?[0m, ?[32m5 passed?[0m)
0m34.792s

org.openqa.selenium.WebDriverException: unknown error: Element &lt;div _ngcontent-c5=&quot;&quot; class=&quot;business-menu-item&quot; translate=&quot;&quot; pe-i18n-key=&quot;dashboard.profile_menu.log_out&quot;&gt;...&lt;/div&gt; is not clickable at point (1060, 140). Other element would receive the click: &lt;div id=&quot;cdk-overlay-0&quot; class=&quot;cdk-overlay-pane&quot; style=&quot;pointer-events: auto; position: static;&quot;&gt;...&lt;/div&gt;
  (Session info: chrome=74.0.3729.169)
  (Driver info: chromedriver=2.35.528157 (4429ca2590d6988c0745c24c8858745aaaec01ef),platform=Mac OS X 10.14.0 x86_64) (WARNING: The server did not provide any stacktrace information)
Command duration or timeout: 53 milliseconds
Build info: version: '2.53.1', revision: 'a36b8b1cd5757287168e54b817830adce9b0158d', time: '2016-06-30 19:26:09'
System info: host: 'mmomaya-ltm', ip: '2401:4900:16f0:800b:d844:667b:d371:321', os.name: 'Mac OS X', os.arch: 'x86_64', os.version: '10.14', java.version: '1.8.0_151'
Driver info: org.openqa.selenium.chrome.ChromeDriver
Capabilities [{applicationCacheEnabled=false, rotatable=false, mobileEmulationEnabled=false, networkConnectionEnabled=false, chrome={chromedriverVersion=2.35.528157 (4429ca2590d6988c0745c24c8858745aaaec01ef), userDataDir=/var/folders/0v/hh_wn78s1zjb9jgsy6csw3nc3f21bk/T/.org.chromium.Chromium.hsXBR6}, takesHeapSnapshot=true, pageLoadStrategy=normal, databaseEnabled=false, handlesAlerts=true, hasTouchScreen=false, version=74.0.3729.169, platform=MAC, browserConnectionEnabled=false, nativeEvents=true, acceptSslCerts=false, acceptInsecureCerts=false, locationContextEnabled=true, webStorageEnabled=true, browserName=chrome, takesScreenshot=true, javascriptEnabled=true, cssSelectorsEnabled=true, setWindowRect=true, unexpectedAlertBehaviour=}]
Session ID: ba1bf58ea2c85b51539ebb75472b69e0
	at sun.reflect.NativeConstructorAccessorImpl.newInstance0(Native Method)
	at sun.reflect.NativeConstructorAccessorImpl.newInstance(NativeConstructorAccessorImpl.java:62)
	at sun.reflect.DelegatingConstructorAccessorImpl.newInstance(DelegatingConstructorAccessorImpl.java:45)
	at java.lang.reflect.Constructor.newInstance(Constructor.java:423)
	at org.openqa.selenium.remote.ErrorHandler.createThrowable(ErrorHandler.java:206)
	at org.openqa.selenium.remote.ErrorHandler.throwIfResponseFailed(ErrorHandler.java:158)
	at org.openqa.selenium.remote.RemoteWebDriver.execute(RemoteWebDriver.java:678)
	at org.openqa.selenium.remote.RemoteWebElement.execute(RemoteWebElement.java:327)
	at org.openqa.selenium.remote.RemoteWebElement.click(RemoteWebElement.java:85)
	at sun.reflect.NativeMethodAccessorImpl.invoke0(Native Method)
	at sun.reflect.NativeMethodAccessorImpl.invoke(NativeMethodAccessorImpl.java:62)
	at sun.reflect.DelegatingMethodAccessorImpl.invoke(DelegatingMethodAccessorImpl.java:43)
	at java.lang.reflect.Method.invoke(Method.java:498)
	at org.openqa.selenium.support.pagefactory.internal.LocatingElementHandler.invoke(LocatingElementHandler.java:51)
	at com.sun.proxy.$Proxy20.click(Unknown Source)
	at pages.ProfilePage.clickOnLogoutButton(ProfilePage.java:54)
	at steps.ProfilePageSteps.clickOnLogout(ProfilePageSteps.java:22)
	at ✽.And Click on Logout(Login.feature:12)

</pre>
</span>
</div>
</div>
<div id="footer">
<p>
<div>
<label class="hidden" id="label-for-line-wrapping-toggle" for="line-wrapping-toggle">Wrap lines
<input id="line-wrapping-toggle" type="checkbox" autocomplete="off"/>
</label>
</div>Generated by 
<a href="http://www.gradle.org">Gradle 4.5.1</a> at May 23, 2019 12:25:26 PM</p>
</div>
</div>
</body>
</html>
